2024-06-01 23:52:14,056 - sqlalchemy.engine.Engine - INFO - BEGIN (implicit)
2024-06-01 23:52:14,056 - sqlalchemy.engine.Engine - INFO - BEGIN (implicit)
2024-06-01 23:52:14,056 - sqlalchemy.engine.Engine - INFO - BEGIN (implicit)
2024-06-01 23:52:14,056 - sqlalchemy.engine.Engine - INFO - BEGIN (implicit)
2024-06-01 23:52:14,056 - sqlalchemy.engine.Engine - INFO - BEGIN (implicit)
2024-06-01 23:52:14,072 - sqlalchemy.engine.Engine - INFO - DESCRIBE `reimbursement_portal`.`users`
2024-06-01 23:52:14,072 - sqlalchemy.engine.Engine - INFO - DESCRIBE `reimbursement_portal`.`users`
2024-06-01 23:52:14,072 - sqlalchemy.engine.Engine - INFO - DESCRIBE `reimbursement_portal`.`users`
2024-06-01 23:52:14,072 - sqlalchemy.engine.Engine - INFO - DESCRIBE `reimbursement_portal`.`users`
2024-06-01 23:52:14,072 - sqlalchemy.engine.Engine - INFO - DESCRIBE `reimbursement_portal`.`users`
2024-06-01 23:52:14,072 - sqlalchemy.engine.Engine - INFO - [raw sql] {}
2024-06-01 23:52:14,072 - sqlalchemy.engine.Engine - INFO - [raw sql] {}
2024-06-01 23:52:14,072 - sqlalchemy.engine.Engine - INFO - [raw sql] {}
2024-06-01 23:52:14,072 - sqlalchemy.engine.Engine - INFO - [raw sql] {}
2024-06-01 23:52:14,072 - sqlalchemy.engine.Engine - INFO - [raw sql] {}
2024-06-01 23:52:14,087 - sqlalchemy.engine.Engine - INFO - DESCRIBE `reimbursement_portal`.`departments`
2024-06-01 23:52:14,087 - sqlalchemy.engine.Engine - INFO - DESCRIBE `reimbursement_portal`.`departments`
2024-06-01 23:52:14,087 - sqlalchemy.engine.Engine - INFO - DESCRIBE `reimbursement_portal`.`departments`
2024-06-01 23:52:14,087 - sqlalchemy.engine.Engine - INFO - DESCRIBE `reimbursement_portal`.`departments`
2024-06-01 23:52:14,087 - sqlalchemy.engine.Engine - INFO - DESCRIBE `reimbursement_portal`.`departments`
2024-06-01 23:52:14,087 - sqlalchemy.engine.Engine - INFO - [raw sql] {}
2024-06-01 23:52:14,087 - sqlalchemy.engine.Engine - INFO - [raw sql] {}
2024-06-01 23:52:14,087 - sqlalchemy.engine.Engine - INFO - [raw sql] {}
2024-06-01 23:52:14,087 - sqlalchemy.engine.Engine - INFO - [raw sql] {}
2024-06-01 23:52:14,087 - sqlalchemy.engine.Engine - INFO - [raw sql] {}
2024-06-01 23:52:14,103 - sqlalchemy.engine.Engine - INFO - DESCRIBE `reimbursement_portal`.`reimbursement_requests`
2024-06-01 23:52:14,103 - sqlalchemy.engine.Engine - INFO - DESCRIBE `reimbursement_portal`.`reimbursement_requests`
2024-06-01 23:52:14,103 - sqlalchemy.engine.Engine - INFO - DESCRIBE `reimbursement_portal`.`reimbursement_requests`
2024-06-01 23:52:14,103 - sqlalchemy.engine.Engine - INFO - DESCRIBE `reimbursement_portal`.`reimbursement_requests`
2024-06-01 23:52:14,103 - sqlalchemy.engine.Engine - INFO - DESCRIBE `reimbursement_portal`.`reimbursement_requests`
2024-06-01 23:52:14,103 - sqlalchemy.engine.Engine - INFO - [raw sql] {}
2024-06-01 23:52:14,103 - sqlalchemy.engine.Engine - INFO - [raw sql] {}
2024-06-01 23:52:14,103 - sqlalchemy.engine.Engine - INFO - [raw sql] {}
2024-06-01 23:52:14,103 - sqlalchemy.engine.Engine - INFO - [raw sql] {}
2024-06-01 23:52:14,103 - sqlalchemy.engine.Engine - INFO - [raw sql] {}
2024-06-01 23:52:14,119 - sqlalchemy.engine.Engine - INFO - 
DROP TABLE reimbursement_requests
2024-06-01 23:52:14,119 - sqlalchemy.engine.Engine - INFO - 
DROP TABLE reimbursement_requests
2024-06-01 23:52:14,119 - sqlalchemy.engine.Engine - INFO - 
DROP TABLE reimbursement_requests
2024-06-01 23:52:14,119 - sqlalchemy.engine.Engine - INFO - 
DROP TABLE reimbursement_requests
2024-06-01 23:52:14,119 - sqlalchemy.engine.Engine - INFO - 
DROP TABLE reimbursement_requests
2024-06-01 23:52:14,119 - sqlalchemy.engine.Engine - INFO - [no key 0.00305s] {}
2024-06-01 23:52:14,119 - sqlalchemy.engine.Engine - INFO - [no key 0.00305s] {}
2024-06-01 23:52:14,119 - sqlalchemy.engine.Engine - INFO - [no key 0.00305s] {}
2024-06-01 23:52:14,119 - sqlalchemy.engine.Engine - INFO - [no key 0.00305s] {}
2024-06-01 23:52:14,119 - sqlalchemy.engine.Engine - INFO - [no key 0.00305s] {}
2024-06-01 23:52:14,119 - sqlalchemy.engine.Engine - INFO - ROLLBACK
2024-06-01 23:52:14,119 - sqlalchemy.engine.Engine - INFO - ROLLBACK
2024-06-01 23:52:14,119 - sqlalchemy.engine.Engine - INFO - ROLLBACK
2024-06-01 23:52:14,119 - sqlalchemy.engine.Engine - INFO - ROLLBACK
2024-06-01 23:52:14,119 - sqlalchemy.engine.Engine - INFO - ROLLBACK
